/usr/local/lsws/fcgi-bin/lsnode.js:48
    var app = require(startupFile);
              ^

Error [ERR_REQUIRE_ESM]: require() of ES Module /home/devrxxie/demoticket/index.js from /usr/local/lsws/fcgi-bin/lsnode.js not supported.
Instead change the require of index.js in /usr/local/lsws/fcgi-bin/lsnode.js to a dynamic import() which is available in all CommonJS modules.
    at startApplication (/usr/local/lsws/fcgi-bin/lsnode.js:48:15)
    at Object.<anonymous> (/usr/local/lsws/fcgi-bin/lsnode.js:16:1) {
  code: 'ERR_REQUIRE_ESM'
}
/usr/local/lsws/fcgi-bin/lsnode.js:48
    var app = require(startupFile);
              ^

Error [ERR_REQUIRE_ESM]: require() of ES Module /home/devrxxie/demoticket/index.js from /usr/local/lsws/fcgi-bin/lsnode.js not supported.
Instead change the require of index.js in /usr/local/lsws/fcgi-bin/lsnode.js to a dynamic import() which is available in all CommonJS modules.
    at startApplication (/usr/local/lsws/fcgi-bin/lsnode.js:48:15)
    at Object.<anonymous> (/usr/local/lsws/fcgi-bin/lsnode.js:16:1) {
  code: 'ERR_REQUIRE_ESM'
}
node:internal/modules/cjs/loader:1031
  throw err;
  ^

Error: Cannot find module '/home/devrxxie/demoticket//index.js'
Require stack:
- /usr/local/lsws/fcgi-bin/lsnode.js
    at Function.Module._resolveFilename (node:internal/modules/cjs/loader:1028:15)
    at Function.Module._load (node:internal/modules/cjs/loader:873:27)
    at Module.require (node:internal/modules/cjs/loader:1100:19)
    at require (node:internal/modules/cjs/helpers:119:18)
    at startApplication (/usr/local/lsws/fcgi-bin/lsnode.js:48:15)
    at Object.<anonymous> (/usr/local/lsws/fcgi-bin/lsnode.js:16:1)
    at Module._compile (node:internal/modules/cjs/loader:1198:14)
    at Object.Module._extensions..js (node:internal/modules/cjs/loader:1252:10)
    at Module.load (node:internal/modules/cjs/loader:1076:32)
    at Function.Module._load (node:internal/modules/cjs/loader:911:12) {
  code: 'MODULE_NOT_FOUND',
  requireStack: [ '/usr/local/lsws/fcgi-bin/lsnode.js' ]
}
node:internal/modules/cjs/loader:1031
  throw err;
  ^

Error: Cannot find module '/home/devrxxie/demoticket//index.js'
Require stack:
- /usr/local/lsws/fcgi-bin/lsnode.js
    at Function.Module._resolveFilename (node:internal/modules/cjs/loader:1028:15)
    at Function.Module._load (node:internal/modules/cjs/loader:873:27)
    at Module.require (node:internal/modules/cjs/loader:1100:19)
    at require (node:internal/modules/cjs/helpers:119:18)
    at startApplication (/usr/local/lsws/fcgi-bin/lsnode.js:48:15)
    at Object.<anonymous> (/usr/local/lsws/fcgi-bin/lsnode.js:16:1)
    at Module._compile (node:internal/modules/cjs/loader:1198:14)
    at Object.Module._extensions..js (node:internal/modules/cjs/loader:1252:10)
    at Module.load (node:internal/modules/cjs/loader:1076:32)
    at Function.Module._load (node:internal/modules/cjs/loader:911:12) {
  code: 'MODULE_NOT_FOUND',
  requireStack: [ '/usr/local/lsws/fcgi-bin/lsnode.js' ]
}
node:internal/modules/cjs/loader:1031
  throw err;
  ^

Error: Cannot find module '/home/devrxxie/demoticket//index.js'
Require stack:
- /usr/local/lsws/fcgi-bin/lsnode.js
    at Function.Module._resolveFilename (node:internal/modules/cjs/loader:1028:15)
    at Function.Module._load (node:internal/modules/cjs/loader:873:27)
    at Module.require (node:internal/modules/cjs/loader:1100:19)
    at require (node:internal/modules/cjs/helpers:119:18)
    at startApplication (/usr/local/lsws/fcgi-bin/lsnode.js:48:15)
    at Object.<anonymous> (/usr/local/lsws/fcgi-bin/lsnode.js:16:1)
    at Module._compile (node:internal/modules/cjs/loader:1198:14)
    at Object.Module._extensions..js (node:internal/modules/cjs/loader:1252:10)
    at Module.load (node:internal/modules/cjs/loader:1076:32)
    at Function.Module._load (node:internal/modules/cjs/loader:911:12) {
  code: 'MODULE_NOT_FOUND',
  requireStack: [ '/usr/local/lsws/fcgi-bin/lsnode.js' ]
}
node:internal/modules/cjs/loader:1031
  throw err;
  ^

Error: Cannot find module '/home/devrxxie/demoticket//index.js'
Require stack:
- /usr/local/lsws/fcgi-bin/lsnode.js
    at Function.Module._resolveFilename (node:internal/modules/cjs/loader:1028:15)
    at Function.Module._load (node:internal/modules/cjs/loader:873:27)
    at Module.require (node:internal/modules/cjs/loader:1100:19)
    at require (node:internal/modules/cjs/helpers:119:18)
    at startApplication (/usr/local/lsws/fcgi-bin/lsnode.js:48:15)
    at Object.<anonymous> (/usr/local/lsws/fcgi-bin/lsnode.js:16:1)
    at Module._compile (node:internal/modules/cjs/loader:1198:14)
    at Object.Module._extensions..js (node:internal/modules/cjs/loader:1252:10)
    at Module.load (node:internal/modules/cjs/loader:1076:32)
    at Function.Module._load (node:internal/modules/cjs/loader:911:12) {
  code: 'MODULE_NOT_FOUND',
  requireStack: [ '/usr/local/lsws/fcgi-bin/lsnode.js' ]
}
node:internal/modules/cjs/loader:1031
  throw err;
  ^

Error: Cannot find module '/home/devrxxie/demoticket//index.js'
Require stack:
- /usr/local/lsws/fcgi-bin/lsnode.js
    at Function.Module._resolveFilename (node:internal/modules/cjs/loader:1028:15)
    at Function.Module._load (node:internal/modules/cjs/loader:873:27)
    at Module.require (node:internal/modules/cjs/loader:1100:19)
    at require (node:internal/modules/cjs/helpers:119:18)
    at startApplication (/usr/local/lsws/fcgi-bin/lsnode.js:48:15)
    at Object.<anonymous> (/usr/local/lsws/fcgi-bin/lsnode.js:16:1)
    at Module._compile (node:internal/modules/cjs/loader:1198:14)
    at Object.Module._extensions..js (node:internal/modules/cjs/loader:1252:10)
    at Module.load (node:internal/modules/cjs/loader:1076:32)
    at Function.Module._load (node:internal/modules/cjs/loader:911:12) {
  code: 'MODULE_NOT_FOUND',
  requireStack: [ '/usr/local/lsws/fcgi-bin/lsnode.js' ]
}
node:internal/modules/cjs/loader:1031
  throw err;
  ^

Error: Cannot find module '/home/devrxxie/demoticket//index.js'
Require stack:
- /usr/local/lsws/fcgi-bin/lsnode.js
    at Function.Module._resolveFilename (node:internal/modules/cjs/loader:1028:15)
    at Function.Module._load (node:internal/modules/cjs/loader:873:27)
    at Module.require (node:internal/modules/cjs/loader:1100:19)
    at require (node:internal/modules/cjs/helpers:119:18)
    at startApplication (/usr/local/lsws/fcgi-bin/lsnode.js:48:15)
    at Object.<anonymous> (/usr/local/lsws/fcgi-bin/lsnode.js:16:1)
    at Module._compile (node:internal/modules/cjs/loader:1198:14)
    at Object.Module._extensions..js (node:internal/modules/cjs/loader:1252:10)
    at Module.load (node:internal/modules/cjs/loader:1076:32)
    at Function.Module._load (node:internal/modules/cjs/loader:911:12) {
  code: 'MODULE_NOT_FOUND',
  requireStack: [ '/usr/local/lsws/fcgi-bin/lsnode.js' ]
}
node:internal/modules/cjs/loader:1031
  throw err;
  ^

Error: Cannot find module '/home/devrxxie/demoticket//index.js'
Require stack:
- /usr/local/lsws/fcgi-bin/lsnode.js
    at Function.Module._resolveFilename (node:internal/modules/cjs/loader:1028:15)
    at Function.Module._load (node:internal/modules/cjs/loader:873:27)
    at Module.require (node:internal/modules/cjs/loader:1100:19)
    at require (node:internal/modules/cjs/helpers:119:18)
    at startApplication (/usr/local/lsws/fcgi-bin/lsnode.js:48:15)
    at Object.<anonymous> (/usr/local/lsws/fcgi-bin/lsnode.js:16:1)
    at Module._compile (node:internal/modules/cjs/loader:1198:14)
    at Object.Module._extensions..js (node:internal/modules/cjs/loader:1252:10)
    at Module.load (node:internal/modules/cjs/loader:1076:32)
    at Function.Module._load (node:internal/modules/cjs/loader:911:12) {
  code: 'MODULE_NOT_FOUND',
  requireStack: [ '/usr/local/lsws/fcgi-bin/lsnode.js' ]
}
node:internal/process/promises:279
            triggerUncaughtException(err, true /* fromPromise */);
            ^

Error [ERR_MODULE_NOT_FOUND]: Cannot find package 'express' imported from /home/devrxxie/demoticket/index.mjs
Did you mean to import express/index.js?
    at new NodeError (node:internal/errors:387:5)
    at packageResolve (node:internal/modules/esm/resolve:852:9)
    at moduleResolve (node:internal/modules/esm/resolve:901:20)
    at defaultResolve (node:internal/modules/esm/resolve:1115:11)
    at nextResolve (node:internal/modules/esm/loader:163:28)
    at ESMLoader.resolve (node:internal/modules/esm/loader:841:30)
    at ESMLoader.getModuleJob (node:internal/modules/esm/loader:424:18)
    at ModuleWrap.<anonymous> (node:internal/modules/esm/module_job:76:40)
    at link (node:internal/modules/esm/module_job:75:36) {
  code: 'ERR_MODULE_NOT_FOUND'
}
node:internal/errors:496
    ErrorCaptureStackTrace(err);
    ^

Error [ERR_MODULE_NOT_FOUND]: Cannot find package 'express' imported from /home/devrxxie/demoticket/index.mjs
    at new NodeError (node:internal/errors:405:5)
    at packageResolve (node:internal/modules/esm/resolve:916:9)
    at moduleResolve (node:internal/modules/esm/resolve:973:20)
    at defaultResolve (node:internal/modules/esm/resolve:1206:11)
    at ModuleLoader.defaultResolve (node:internal/modules/esm/loader:404:12)
    at ModuleLoader.resolve (node:internal/modules/esm/loader:373:25)
    at ModuleLoader.getModuleJob (node:internal/modules/esm/loader:250:38)
    at ModuleWrap.<anonymous> (node:internal/modules/esm/module_job:76:39)
    at link (node:internal/modules/esm/module_job:75:36) {
  code: 'ERR_MODULE_NOT_FOUND'
}

Node.js v18.20.4
node:internal/errors:496
    ErrorCaptureStackTrace(err);
    ^

Error [ERR_MODULE_NOT_FOUND]: Cannot find package 'express' imported from /home/devrxxie/demoticket/index.mjs
    at new NodeError (node:internal/errors:405:5)
    at packageResolve (node:internal/modules/esm/resolve:916:9)
    at moduleResolve (node:internal/modules/esm/resolve:973:20)
    at defaultResolve (node:internal/modules/esm/resolve:1206:11)
    at ModuleLoader.defaultResolve (node:internal/modules/esm/loader:404:12)
    at ModuleLoader.resolve (node:internal/modules/esm/loader:373:25)
    at ModuleLoader.getModuleJob (node:internal/modules/esm/loader:250:38)
    at ModuleWrap.<anonymous> (node:internal/modules/esm/module_job:76:39)
    at link (node:internal/modules/esm/module_job:75:36) {
  code: 'ERR_MODULE_NOT_FOUND'
}

Node.js v18.20.4
node:internal/errors:496
    ErrorCaptureStackTrace(err);
    ^

Error [ERR_MODULE_NOT_FOUND]: Cannot find package 'express' imported from /home/devrxxie/demoticket/index.mjs
    at new NodeError (node:internal/errors:405:5)
    at packageResolve (node:internal/modules/esm/resolve:916:9)
    at moduleResolve (node:internal/modules/esm/resolve:973:20)
    at defaultResolve (node:internal/modules/esm/resolve:1206:11)
    at ModuleLoader.defaultResolve (node:internal/modules/esm/loader:404:12)
    at ModuleLoader.resolve (node:internal/modules/esm/loader:373:25)
    at ModuleLoader.getModuleJob (node:internal/modules/esm/loader:250:38)
    at ModuleWrap.<anonymous> (node:internal/modules/esm/module_job:76:39)
    at link (node:internal/modules/esm/module_job:75:36) {
  code: 'ERR_MODULE_NOT_FOUND'
}

Node.js v18.20.4
node:internal/errors:496
    ErrorCaptureStackTrace(err);
    ^

Error [ERR_MODULE_NOT_FOUND]: Cannot find package 'express' imported from /home/devrxxie/demoticket/index.mjs
    at new NodeError (node:internal/errors:405:5)
    at packageResolve (node:internal/modules/esm/resolve:916:9)
    at moduleResolve (node:internal/modules/esm/resolve:973:20)
    at defaultResolve (node:internal/modules/esm/resolve:1206:11)
    at ModuleLoader.defaultResolve (node:internal/modules/esm/loader:404:12)
    at ModuleLoader.resolve (node:internal/modules/esm/loader:373:25)
    at ModuleLoader.getModuleJob (node:internal/modules/esm/loader:250:38)
    at ModuleWrap.<anonymous> (node:internal/modules/esm/module_job:76:39)
    at link (node:internal/modules/esm/module_job:75:36) {
  code: 'ERR_MODULE_NOT_FOUND'
}

Node.js v18.20.4
node:internal/errors:496
    ErrorCaptureStackTrace(err);
    ^

Error [ERR_MODULE_NOT_FOUND]: Cannot find package 'express' imported from /home/devrxxie/demoticket/index.mjs
    at new NodeError (node:internal/errors:405:5)
    at packageResolve (node:internal/modules/esm/resolve:916:9)
    at moduleResolve (node:internal/modules/esm/resolve:973:20)
    at defaultResolve (node:internal/modules/esm/resolve:1206:11)
    at ModuleLoader.defaultResolve (node:internal/modules/esm/loader:404:12)
    at ModuleLoader.resolve (node:internal/modules/esm/loader:373:25)
    at ModuleLoader.getModuleJob (node:internal/modules/esm/loader:250:38)
    at ModuleWrap.<anonymous> (node:internal/modules/esm/module_job:76:39)
    at link (node:internal/modules/esm/module_job:75:36) {
  code: 'ERR_MODULE_NOT_FOUND'
}

Node.js v18.20.4
node:internal/errors:496
    ErrorCaptureStackTrace(err);
    ^

Error [ERR_MODULE_NOT_FOUND]: Cannot find package 'express' imported from /home/devrxxie/demoticket/index.mjs
    at new NodeError (node:internal/errors:405:5)
    at packageResolve (node:internal/modules/esm/resolve:916:9)
    at moduleResolve (node:internal/modules/esm/resolve:973:20)
    at defaultResolve (node:internal/modules/esm/resolve:1206:11)
    at ModuleLoader.defaultResolve (node:internal/modules/esm/loader:404:12)
    at ModuleLoader.resolve (node:internal/modules/esm/loader:373:25)
    at ModuleLoader.getModuleJob (node:internal/modules/esm/loader:250:38)
    at ModuleWrap.<anonymous> (node:internal/modules/esm/module_job:76:39)
    at link (node:internal/modules/esm/module_job:75:36) {
  code: 'ERR_MODULE_NOT_FOUND'
}

Node.js v18.20.4
node:internal/errors:496
    ErrorCaptureStackTrace(err);
    ^

Error [ERR_MODULE_NOT_FOUND]: Cannot find package 'express' imported from /home/devrxxie/demoticket/index.mjs
    at new NodeError (node:internal/errors:405:5)
    at packageResolve (node:internal/modules/esm/resolve:916:9)
    at moduleResolve (node:internal/modules/esm/resolve:973:20)
    at defaultResolve (node:internal/modules/esm/resolve:1206:11)
    at ModuleLoader.defaultResolve (node:internal/modules/esm/loader:404:12)
    at ModuleLoader.resolve (node:internal/modules/esm/loader:373:25)
    at ModuleLoader.getModuleJob (node:internal/modules/esm/loader:250:38)
    at ModuleWrap.<anonymous> (node:internal/modules/esm/module_job:76:39)
    at link (node:internal/modules/esm/module_job:75:36) {
  code: 'ERR_MODULE_NOT_FOUND'
}

Node.js v18.20.4
node:internal/errors:496
    ErrorCaptureStackTrace(err);
    ^

Error [ERR_MODULE_NOT_FOUND]: Cannot find package 'express' imported from /home/devrxxie/demoticket/index.mjs
    at new NodeError (node:internal/errors:405:5)
    at packageResolve (node:internal/modules/esm/resolve:916:9)
    at moduleResolve (node:internal/modules/esm/resolve:973:20)
    at defaultResolve (node:internal/modules/esm/resolve:1206:11)
    at ModuleLoader.defaultResolve (node:internal/modules/esm/loader:404:12)
    at ModuleLoader.resolve (node:internal/modules/esm/loader:373:25)
    at ModuleLoader.getModuleJob (node:internal/modules/esm/loader:250:38)
    at ModuleWrap.<anonymous> (node:internal/modules/esm/module_job:76:39)
    at link (node:internal/modules/esm/module_job:75:36) {
  code: 'ERR_MODULE_NOT_FOUND'
}

Node.js v18.20.4
node:internal/errors:496
    ErrorCaptureStackTrace(err);
    ^

Error [ERR_MODULE_NOT_FOUND]: Cannot find module '/home/devrxxie/demoticket/controllers/stripControllers.js' imported from /home/devrxxie/demoticket/routes/bookings.js
    at new NodeError (node:internal/errors:405:5)
    at finalizeResolution (node:internal/modules/esm/resolve:327:11)
    at moduleResolve (node:internal/modules/esm/resolve:980:10)
    at defaultResolve (node:internal/modules/esm/resolve:1206:11)
    at ModuleLoader.defaultResolve (node:internal/modules/esm/loader:404:12)
    at ModuleLoader.resolve (node:internal/modules/esm/loader:373:25)
    at ModuleLoader.getModuleJob (node:internal/modules/esm/loader:250:38)
    at ModuleWrap.<anonymous> (node:internal/modules/esm/module_job:76:39)
    at link (node:internal/modules/esm/module_job:75:36) {
  url: 'file:///home/devrxxie/demoticket/controllers/stripControllers.js',
  code: 'ERR_MODULE_NOT_FOUND'
}

Node.js v18.20.4
node:internal/errors:496
    ErrorCaptureStackTrace(err);
    ^

Error [ERR_MODULE_NOT_FOUND]: Cannot find module '/home/devrxxie/demoticket/controllers/stripControllers.js' imported from /home/devrxxie/demoticket/routes/bookings.js
    at new NodeError (node:internal/errors:405:5)
    at finalizeResolution (node:internal/modules/esm/resolve:327:11)
    at moduleResolve (node:internal/modules/esm/resolve:980:10)
    at defaultResolve (node:internal/modules/esm/resolve:1206:11)
    at ModuleLoader.defaultResolve (node:internal/modules/esm/loader:404:12)
    at ModuleLoader.resolve (node:internal/modules/esm/loader:373:25)
    at ModuleLoader.getModuleJob (node:internal/modules/esm/loader:250:38)
    at ModuleWrap.<anonymous> (node:internal/modules/esm/module_job:76:39)
    at link (node:internal/modules/esm/module_job:75:36) {
  url: 'file:///home/devrxxie/demoticket/controllers/stripControllers.js',
  code: 'ERR_MODULE_NOT_FOUND'
}

Node.js v18.20.4
node:internal/errors:496
    ErrorCaptureStackTrace(err);
    ^

Error [ERR_MODULE_NOT_FOUND]: Cannot find module '/home/devrxxie/demoticket/controllers/stripControllers.js' imported from /home/devrxxie/demoticket/routes/bookings.js
    at new NodeError (node:internal/errors:405:5)
    at finalizeResolution (node:internal/modules/esm/resolve:327:11)
    at moduleResolve (node:internal/modules/esm/resolve:980:10)
    at defaultResolve (node:internal/modules/esm/resolve:1206:11)
    at ModuleLoader.defaultResolve (node:internal/modules/esm/loader:404:12)
    at ModuleLoader.resolve (node:internal/modules/esm/loader:373:25)
    at ModuleLoader.getModuleJob (node:internal/modules/esm/loader:250:38)
    at ModuleWrap.<anonymous> (node:internal/modules/esm/module_job:76:39)
    at link (node:internal/modules/esm/module_job:75:36) {
  url: 'file:///home/devrxxie/demoticket/controllers/stripControllers.js',
  code: 'ERR_MODULE_NOT_FOUND'
}

Node.js v18.20.4
node:internal/errors:496
    ErrorCaptureStackTrace(err);
    ^

Error [ERR_MODULE_NOT_FOUND]: Cannot find module '/home/devrxxie/demoticket/controllers/stripControllers.js' imported from /home/devrxxie/demoticket/routes/bookings.js
    at new NodeError (node:internal/errors:405:5)
    at finalizeResolution (node:internal/modules/esm/resolve:327:11)
    at moduleResolve (node:internal/modules/esm/resolve:980:10)
    at defaultResolve (node:internal/modules/esm/resolve:1206:11)
    at ModuleLoader.defaultResolve (node:internal/modules/esm/loader:404:12)
    at ModuleLoader.resolve (node:internal/modules/esm/loader:373:25)
    at ModuleLoader.getModuleJob (node:internal/modules/esm/loader:250:38)
    at ModuleWrap.<anonymous> (node:internal/modules/esm/module_job:76:39)
    at link (node:internal/modules/esm/module_job:75:36) {
  url: 'file:///home/devrxxie/demoticket/controllers/stripControllers.js',
  code: 'ERR_MODULE_NOT_FOUND'
}

Node.js v18.20.4
file:///home/devrxxie/demoticket/index.mjs:13
app.use('/api/v1/booking/webhook', express.raw({ type: 'application/json' }), handleStripePayment.handleStripeWebhook);
                                                                              ^

ReferenceError: handleStripePayment is not defined
    at file:///home/devrxxie/demoticket/index.mjs:13:79
    at ModuleJob.run (node:internal/modules/esm/module_job:195:25)
    at async ModuleLoader.import (node:internal/modules/esm/loader:337:24)
    at async importModuleDynamicallyWrapper (node:internal/vm/module:432:15)

Node.js v18.20.4
file:///home/devrxxie/demoticket/index.mjs:13
app.use('/api/v1/booking/webhook', express.raw({ type: 'application/json' }), handleStripePayment.handleStripeWebhook);
                                                                              ^

ReferenceError: handleStripePayment is not defined
    at file:///home/devrxxie/demoticket/index.mjs:13:79
    at ModuleJob.run (node:internal/modules/esm/module_job:195:25)
    at async ModuleLoader.import (node:internal/modules/esm/loader:337:24)
    at async importModuleDynamicallyWrapper (node:internal/vm/module:432:15)

Node.js v18.20.4
file:///home/devrxxie/demoticket/index.mjs:7
app.use((req,res)=>res.send("hello"))
^

ReferenceError: Cannot access 'app' before initialization
    at file:///home/devrxxie/demoticket/index.mjs:7:1
    at ModuleJob.run (node:internal/modules/esm/module_job:195:25)
    at async ModuleLoader.import (node:internal/modules/esm/loader:337:24)
    at async importModuleDynamicallyWrapper (node:internal/vm/module:432:15)

Node.js v18.20.4
file:///home/devrxxie/demoticket/index.mjs:7
app.use((req,res)=>res.send("hello"))
^

ReferenceError: Cannot access 'app' before initialization
    at file:///home/devrxxie/demoticket/index.mjs:7:1
    at ModuleJob.run (node:internal/modules/esm/module_job:195:25)
    at async ModuleLoader.import (node:internal/modules/esm/loader:337:24)
    at async importModuleDynamicallyWrapper (node:internal/vm/module:432:15)

Node.js v18.20.4
file:///home/devrxxie/demoticket/index.mjs:13
app.use('/api/v1/booking/webhook', express.raw({ type: 'application/json' }), handleStripePayment.handleStripeWebhook);
                                                                              ^

ReferenceError: handleStripePayment is not defined
    at file:///home/devrxxie/demoticket/index.mjs:13:79
    at ModuleJob.run (node:internal/modules/esm/module_job:195:25)
    at async ModuleLoader.import (node:internal/modules/esm/loader:337:24)
    at async importModuleDynamicallyWrapper (node:internal/vm/module:432:15)

Node.js v18.20.4
file:///home/devrxxie/demoticket/index.mjs:13
app.use('/api/v1/booking/webhook', express.raw({ type: 'application/json' }), handleStripePayment.handleStripeWebhook);
                                                                              ^

ReferenceError: handleStripePayment is not defined
    at file:///home/devrxxie/demoticket/index.mjs:13:79
    at ModuleJob.run (node:internal/modules/esm/module_job:195:25)
    at async ModuleLoader.import (node:internal/modules/esm/loader:337:24)
    at async importModuleDynamicallyWrapper (node:internal/vm/module:432:15)

Node.js v18.20.4
file:///home/devrxxie/demoticket/index.mjs:13
app.use('/api/v1/booking/webhook', express.raw({ type: 'application/json' }), handleStripePayment.handleStripeWebhook);
                                                                              ^

ReferenceError: handleStripePayment is not defined
    at file:///home/devrxxie/demoticket/index.mjs:13:79
    at ModuleJob.run (node:internal/modules/esm/module_job:195:25)
    at async ModuleLoader.import (node:internal/modules/esm/loader:337:24)
    at async importModuleDynamicallyWrapper (node:internal/vm/module:432:15)

Node.js v18.20.4
file:///home/devrxxie/demoticket/index.mjs:13
app.use('/api/v1/booking/webhook', express.raw({ type: 'application/json' }), handleStripePayment.handleStripeWebhook);
                                                                              ^

ReferenceError: handleStripePayment is not defined
    at file:///home/devrxxie/demoticket/index.mjs:13:79
    at ModuleJob.run (node:internal/modules/esm/module_job:195:25)
    at async ModuleLoader.import (node:internal/modules/esm/loader:337:24)
    at async importModuleDynamicallyWrapper (node:internal/vm/module:432:15)

Node.js v18.20.4
file:///home/devrxxie/demoticket/index.mjs:16
app.use(cors(corsOptions))
             ^

ReferenceError: corsOptions is not defined
    at file:///home/devrxxie/demoticket/index.mjs:16:14
    at ModuleJob.run (node:internal/modules/esm/module_job:195:25)
    at async ModuleLoader.import (node:internal/modules/esm/loader:337:24)
    at async importModuleDynamicallyWrapper (node:internal/vm/module:432:15)

Node.js v18.20.4
file:///home/devrxxie/demoticket/index.mjs:37
    connect()
    ^

ReferenceError: connect is not defined
    at Server.<anonymous> (file:///home/devrxxie/demoticket/index.mjs:37:5)
    at Object.onceWrapper (node:events:631:28)
    at Server.emit (node:events:529:35)
    at Server.<anonymous> (/usr/local/lsws/fcgi-bin/lsnodesm.js:106:16)
    at Object.onceWrapper (node:events:631:28)
    at Server.emit (node:events:529:35)
    at emitListeningNT (node:net:1851:10)
    at process.processTicksAndRejections (node:internal/process/task_queues:81:21)

Node.js v18.20.4
file:///home/devrxxie/demoticket/index.mjs:37
    connect()
    ^

ReferenceError: connect is not defined
    at Server.<anonymous> (file:///home/devrxxie/demoticket/index.mjs:37:5)
    at Object.onceWrapper (node:events:631:28)
    at Server.emit (node:events:529:35)
    at Server.<anonymous> (/usr/local/lsws/fcgi-bin/lsnodesm.js:106:16)
    at Object.onceWrapper (node:events:631:28)
    at Server.emit (node:events:529:35)
    at emitListeningNT (node:net:1851:10)
    at process.processTicksAndRejections (node:internal/process/task_queues:81:21)

Node.js v18.20.4
node:internal/errors:496
    ErrorCaptureStackTrace(err);
    ^

Error [ERR_MODULE_NOT_FOUND]: Cannot find module '/home/devrxxie/demoticket/controllers/stripControllers.js' imported from /home/devrxxie/demoticket/routes/bookings.js
    at new NodeError (node:internal/errors:405:5)
    at finalizeResolution (node:internal/modules/esm/resolve:327:11)
    at moduleResolve (node:internal/modules/esm/resolve:980:10)
    at defaultResolve (node:internal/modules/esm/resolve:1206:11)
    at ModuleLoader.defaultResolve (node:internal/modules/esm/loader:404:12)
    at ModuleLoader.resolve (node:internal/modules/esm/loader:373:25)
    at ModuleLoader.getModuleJob (node:internal/modules/esm/loader:250:38)
    at ModuleWrap.<anonymous> (node:internal/modules/esm/module_job:76:39)
    at link (node:internal/modules/esm/module_job:75:36) {
  url: 'file:///home/devrxxie/demoticket/controllers/stripControllers.js',
  code: 'ERR_MODULE_NOT_FOUND'
}

Node.js v18.20.4
node:internal/errors:496
    ErrorCaptureStackTrace(err);
    ^

Error [ERR_MODULE_NOT_FOUND]: Cannot find module '/home/devrxxie/demoticket/controllers/stripControllers.js' imported from /home/devrxxie/demoticket/routes/bookings.js
    at new NodeError (node:internal/errors:405:5)
    at finalizeResolution (node:internal/modules/esm/resolve:327:11)
    at moduleResolve (node:internal/modules/esm/resolve:980:10)
    at defaultResolve (node:internal/modules/esm/resolve:1206:11)
    at ModuleLoader.defaultResolve (node:internal/modules/esm/loader:404:12)
    at ModuleLoader.resolve (node:internal/modules/esm/loader:373:25)
    at ModuleLoader.getModuleJob (node:internal/modules/esm/loader:250:38)
    at ModuleWrap.<anonymous> (node:internal/modules/esm/module_job:76:39)
    at link (node:internal/modules/esm/module_job:75:36) {
  url: 'file:///home/devrxxie/demoticket/controllers/stripControllers.js',
  code: 'ERR_MODULE_NOT_FOUND'
}

Node.js v18.20.4
Error fetching booking details: TypeError: Cannot read properties of null (reading 'username')
    at sessionBookingDetails (file:///home/devrxxie/demoticket/Controllers/stripControllers.js:354:108)
    at process.processTicksAndRejections (node:internal/process/task_queues:95:5)
[object Object]
[object Object]
[object Object]
[object Object]
[object Object]
[object Object]
[object Object]
Error fetching booking details: TypeError: Cannot read properties of null (reading 'username')
    at sessionBookingDetails (file:///home/devrxxie/demoticket/Controllers/stripControllers.js:354:108)
    at process.processTicksAndRejections (node:internal/process/task_queues:95:5)
[object Object]
[object Object]
[object Object]
[object Object]
[object Object]
[object Object]
[object Object]
[object Object]
[object Object]
[object Object]
[object Object]
[object Object]
[object Object]
[object Object]
[object Object]
[object Object]
[object Object]
[object Object]
[object Object]
[object Object]
[object Object]
[object Object]
[object Object]
[object Object]
[object Object]
[object Object]
[object Object]
[object Object]
[object Object]
[object Object]
Event not found during booking creation.
Event not found during booking creation.
Event not found during booking creation.
Event not found during booking creation.
Event not found during booking creation.
Event not found during booking creation.
Event not found during booking creation.
Event not found during booking creation.
Event not found during booking creation.
Event not found during booking creation.
Event not found during booking creation.
Event not found during booking creation.
Event not found during booking creation.
Event not found during booking creation.
Event not found during booking creation.
Event not found during booking creation.
Event not found during booking creation.
Event not found during booking creation.
[object Object]
[object Object]
[object Object]
[object Object]
[object Object]
[object Object]
[object Object]
[object Object]
[object Object]
[object Object]
[object Object]
[object Object]
[object Object]
[object Object]
[object Object]
[object Object]
[object Object]
[object Object]
[object Object]
[object Object]
[object Object]
[object Object]
[object Object]
[object Object]
[object Object]
[object Object]
[object Object]
[object Object]
[object Object]
[object Object]
